<?xml version="1.0" encoding="UTF-8" ?>
<<<<<<< HEAD
<testsuite tests="21" failures="0" name="com.team03.week5.AppTest" time="0.123" errors="0" skipped="0">
=======
<testsuite tests="21" failures="0" name="com.team03.week5.AppTest" time="0.198" errors="0" skipped="0">
>>>>>>> 6021cd2c05bcd6dbce5d5da0a4b2d05dba00976f
  <properties>
    <property name="java.runtime.name" value="Java(TM) SE Runtime Environment"/>
    <property name="sun.boot.library.path" value="C:\Program Files\Java\jdk1.8.0_73\jre\bin"/>
    <property name="java.vm.version" value="25.73-b02"/>
    <property name="java.vm.vendor" value="Oracle Corporation"/>
    <property name="maven.multiModuleProjectDirectory" value="C:\Users\19\Dropbox\workspace\team03_week5"/>
    <property name="java.vendor.url" value="http://java.oracle.com/"/>
    <property name="path.separator" value=";"/>
    <property name="guice.disable.misplaced.annotation.check" value="true"/>
    <property name="java.vm.name" value="Java HotSpot(TM) 64-Bit Server VM"/>
    <property name="file.encoding.pkg" value="sun.io"/>
    <property name="user.script" value=""/>
    <property name="user.country" value="KR"/>
    <property name="sun.java.launcher" value="SUN_STANDARD"/>
    <property name="sun.os.patch.level" value=""/>
    <property name="java.vm.specification.name" value="Java Virtual Machine Specification"/>
    <property name="user.dir" value="C:\Users\19\Dropbox\workspace\team03_week5"/>
    <property name="java.runtime.version" value="1.8.0_73-b02"/>
    <property name="java.awt.graphicsenv" value="sun.awt.Win32GraphicsEnvironment"/>
    <property name="java.endorsed.dirs" value="C:\Program Files\Java\jdk1.8.0_73\jre\lib\endorsed"/>
    <property name="os.arch" value="amd64"/>
    <property name="java.io.tmpdir" value="C:\Users\19\AppData\Local\Temp\"/>
    <property name="line.separator" value="
"/>
    <property name="java.vm.specification.vendor" value="Oracle Corporation"/>
    <property name="user.variant" value=""/>
    <property name="os.name" value="Windows 10"/>
<<<<<<< HEAD
    <property name="classworlds.conf" value="C:\Users\19\Dropbox\workspace\.metadata\.plugins\org.eclipse.m2e.launching\launches\m2conf6112750589152418177.tmp"/>
=======
    <property name="classworlds.conf" value="C:\Users\05\workspace\.metadata\.plugins\org.eclipse.m2e.launching\launches\m2conf3943446522290841867.tmp"/>
>>>>>>> 6021cd2c05bcd6dbce5d5da0a4b2d05dba00976f
    <property name="sun.jnu.encoding" value="MS949"/>
    <property name="java.library.path" value="C:\Program Files\Java\jdk1.8.0_73\bin;C:\WINDOWS\Sun\Java\bin;C:\WINDOWS\system32;C:\WINDOWS;C:/Program Files/Java/jre1.8.0_73/bin/server;C:/Program Files/Java/jre1.8.0_73/bin;C:/Program Files/Java/jre1.8.0_73/lib/amd64;C:\ProgramData\Oracle\Java\javapath;C:\Program Files (x86)\NVIDIA Corporation\PhysX\Common;C:\Program Files (x86)\Intel\iCLS Client\;C:\Program Files\Intel\iCLS Client\;C:\WINDOWS\system32;C:\WINDOWS;C:\WINDOWS\System32\Wbem;C:\WINDOWS\System32\WindowsPowerShell\v1.0\;C:\Program Files\Intel\WiFi\bin\;C:\Program Files\Common Files\Intel\WirelessCommon\;C:\Program Files\Intel\Intel(R) Management Engine Components\DAL;C:\Program Files (x86)\Intel\Intel(R) Management Engine Components\DAL;C:\Program Files\Intel\Intel(R) Management Engine Components\IPT;C:\Program Files (x86)\Intel\Intel(R) Management Engine Components\IPT;C:\Program Files\MATLAB\MATLAB Production Server\R2015a\runtime\win64;C:\Program Files\MATLAB\MATLAB Production Server\R2015a\bin;C:\Program Files\MATLAB\MATLAB Production Server\R2015a\polyspace\bin;c:\Program Files (x86)\Microsoft SQL Server\100\Tools\Binn\;c:\Program Files\Microsoft SQL Server\100\Tools\Binn\;c:\Program Files\Microsoft SQL Server\100\DTS\Binn\;C:\Program Files\Java\jdk1.8.0_73\bin;C:\Program Files\Java\jre1.8.0_73\bin;C:\Program Files\Git\cmd;C:\Program Files\nodejs\;C:\Users\19\Anaconda2;C:\Users\19\Anaconda2\Scripts;C:\Users\19\Anaconda2\Library\bin;C:\Program Files\Bandizip\7z;C:\opencv\build\x86\vc10\bin;C:\Users\19\AppData\Roaming\npm;C:\eclipse-jee-mars-2-win32-x86_64\eclipse;;."/>
    <property name="java.specification.name" value="Java Platform API Specification"/>
    <property name="java.class.version" value="52.0"/>
    <property name="sun.management.compiler" value="HotSpot 64-Bit Tiered Compilers"/>
    <property name="os.version" value="10.0"/>
    <property name="user.home" value="C:\Users\19"/>
    <property name="user.timezone" value="Asia/Seoul"/>
    <property name="java.awt.printerjob" value="sun.awt.windows.WPrinterJob"/>
    <property name="java.specification.version" value="1.8"/>
    <property name="file.encoding" value="MS949"/>
    <property name="user.name" value="19"/>
    <property name="java.class.path" value="/C:/eclipse-jee-mars-2-win32-x86_64/eclipse/plugins/org.eclipse.m2e.maven.runtime_1.6.2.20150902-0001/jars/plexus-classworlds-2.5.2.jar"/>
    <property name="java.vm.specification.version" value="1.8"/>
    <property name="sun.arch.data.model" value="64"/>
<<<<<<< HEAD
    <property name="java.home" value="C:\Program Files\Java\jdk1.8.0_73\jre"/>
    <property name="sun.java.command" value="org.codehaus.plexus.classworlds.launcher.Launcher -B clean org.jacoco:jacoco-maven-plugin:prepare-agent install"/>
=======
    <property name="java.home" value="C:\Program Files\Java\jdk1.8.0_72\jre"/>
    <property name="sun.java.command" value="org.codehaus.plexus.classworlds.launcher.Launcher -B package"/>
>>>>>>> 6021cd2c05bcd6dbce5d5da0a4b2d05dba00976f
    <property name="java.specification.vendor" value="Oracle Corporation"/>
    <property name="user.language" value="ko"/>
    <property name="awt.toolkit" value="sun.awt.windows.WToolkit"/>
    <property name="java.vm.info" value="mixed mode"/>
    <property name="java.version" value="1.8.0_73"/>
    <property name="java.ext.dirs" value="C:\Program Files\Java\jdk1.8.0_73\jre\lib\ext;C:\WINDOWS\Sun\Java\lib\ext"/>
    <property name="sun.boot.class.path" value="C:\Program Files\Java\jdk1.8.0_73\jre\lib\resources.jar;C:\Program Files\Java\jdk1.8.0_73\jre\lib\rt.jar;C:\Program Files\Java\jdk1.8.0_73\jre\lib\sunrsasign.jar;C:\Program Files\Java\jdk1.8.0_73\jre\lib\jsse.jar;C:\Program Files\Java\jdk1.8.0_73\jre\lib\jce.jar;C:\Program Files\Java\jdk1.8.0_73\jre\lib\charsets.jar;C:\Program Files\Java\jdk1.8.0_73\jre\lib\jfr.jar;C:\Program Files\Java\jdk1.8.0_73\jre\classes"/>
    <property name="java.vendor" value="Oracle Corporation"/>
    <property name="maven.home" value="C:\Users\19\Dropbox\workspace\team03_week5\EMBEDDED"/>
    <property name="file.separator" value="\"/>
    <property name="java.vendor.url.bug" value="http://bugreport.sun.com/bugreport/"/>
    <property name="sun.cpu.endian" value="little"/>
    <property name="sun.io.unicode.encoding" value="UnicodeLittle"/>
    <property name="sun.desktop" value="windows"/>
    <property name="sun.cpu.isalist" value="amd64"/>
  </properties>
<<<<<<< HEAD
  <testcase classname="com.team03.week5.AppTest" name="testUserGoldBill" time="0.054"/>
  <testcase classname="com.team03.week5.AppTest" name="testAppInputUsedTime" time="0"/>
  <testcase classname="com.team03.week5.AppTest" name="testFailApp" time="0.017"/>
  <testcase classname="com.team03.week5.AppTest" name="testAppInputBigSilver" time="0"/>
  <testcase classname="com.team03.week5.AppTest" name="testUserSilverAddLines" time="0.002"/>
  <testcase classname="com.team03.week5.AppTest" name="testAppInputIncorrectlyPlanName" time="0"/>
  <testcase classname="com.team03.week5.AppTest" name="testAppInputZeroLine" time="0"/>
  <testcase classname="com.team03.week5.AppTest" name="testUserGoldAddLines" time="0.005"/>
  <testcase classname="com.team03.week5.AppTest" name="testGoldApp" time="0.007"/>
  <testcase classname="com.team03.week5.AppTest" name="testAppInputLine" time="0"/>
  <testcase classname="com.team03.week5.AppTest" name="testAppInputSmallGold" time="0.001"/>
  <testcase classname="com.team03.week5.AppTest" name="testUserSilverOverTime" time="0.004"/>
  <testcase classname="com.team03.week5.AppTest" name="testAppInputSmallSilver" time="0.001"/>
  <testcase classname="com.team03.week5.AppTest" name="testUserSilverBill" time="0.002"/>
  <testcase classname="com.team03.week5.AppTest" name="testUserGoldOverTime" time="0.001"/>
  <testcase classname="com.team03.week5.AppTest" name="testNoArgs" time="0.008"/>
  <testcase classname="com.team03.week5.AppTest" name="testAppInputZeroUsedTime" time="0"/>
  <testcase classname="com.team03.week5.AppTest" name="testAppInputBigGold" time="0"/>
  <testcase classname="com.team03.week5.AppTest" name="testUserSilverAddLine" time="0.009"/>
=======
  <testcase classname="com.team03.week5.AppTest" name="testUserGoldBill" time="0.059"/>
  <testcase classname="com.team03.week5.AppTest" name="testAppInputUsedTime" time="0.005"/>
  <testcase classname="com.team03.week5.AppTest" name="testFailApp" time="0.031"/>
  <testcase classname="com.team03.week5.AppTest" name="testAppInputBigSilver" time="0"/>
  <testcase classname="com.team03.week5.AppTest" name="testUserSilverAddLines" time="0.003"/>
  <testcase classname="com.team03.week5.AppTest" name="testAppInputIncorrectlyPlanName" time="0.002"/>
  <testcase classname="com.team03.week5.AppTest" name="testAppInputZeroLine" time="0.001"/>
  <testcase classname="com.team03.week5.AppTest" name="testUserGoldAddLines" time="0.055"/>
  <testcase classname="com.team03.week5.AppTest" name="testGoldApp" time="0.002"/>
  <testcase classname="com.team03.week5.AppTest" name="testAppInputLine" time="0"/>
  <testcase classname="com.team03.week5.AppTest" name="testAppInputSmallGold" time="0"/>
  <testcase classname="com.team03.week5.AppTest" name="testUserSilverOverTime" time="0"/>
  <testcase classname="com.team03.week5.AppTest" name="testAppInputSmallSilver" time="0"/>
  <testcase classname="com.team03.week5.AppTest" name="testUserSilverBill" time="0"/>
  <testcase classname="com.team03.week5.AppTest" name="testUserGoldOverTime" time="0"/>
  <testcase classname="com.team03.week5.AppTest" name="testNoArgs" time="0.026"/>
  <testcase classname="com.team03.week5.AppTest" name="testAppInputZeroUsedTime" time="0"/>
  <testcase classname="com.team03.week5.AppTest" name="testAppInputBigGold" time="0.001"/>
  <testcase classname="com.team03.week5.AppTest" name="testUserSilverAddLine" time="0.001"/>
>>>>>>> 6021cd2c05bcd6dbce5d5da0a4b2d05dba00976f
  <testcase classname="com.team03.week5.AppTest" name="testUserGoldAddLine" time="0.001"/>
  <testcase classname="com.team03.week5.AppTest" name="testSilverApp" time="0.011"/>
</testsuite>